mode: set
github.com/tijanadmi/tis-api/cmd/api/main.go:50.13,69.16 15 0
github.com/tijanadmi/tis-api/cmd/api/main.go:72.2,116.16 8 0
github.com/tijanadmi/tis-api/cmd/api/main.go:69.16,71.3 1 0
github.com/tijanadmi/tis-api/cmd/api/main.go:116.16,118.3 1 0
github.com/tijanadmi/tis-api/cmd/api/main.go:122.42,124.16 2 0
github.com/tijanadmi/tis-api/cmd/api/main.go:128.2,132.16 4 0
github.com/tijanadmi/tis-api/cmd/api/main.go:136.2,136.16 1 0
github.com/tijanadmi/tis-api/cmd/api/main.go:124.16,126.3 1 0
github.com/tijanadmi/tis-api/cmd/api/main.go:132.16,134.3 1 0
github.com/tijanadmi/tis-api/cmd/api/middleware.go:8.68,9.71 1 1
github.com/tijanadmi/tis-api/cmd/api/middleware.go:9.71,13.28 3 1
github.com/tijanadmi/tis-api/cmd/api/middleware.go:13.28,18.4 4 1
github.com/tijanadmi/tis-api/cmd/api/middleware.go:18.9,20.4 1 1
github.com/tijanadmi/tis-api/cmd/api/middleware.go:24.73,25.71 1 1
github.com/tijanadmi/tis-api/cmd/api/middleware.go:25.71,27.17 2 1
github.com/tijanadmi/tis-api/cmd/api/middleware.go:32.3,32.23 1 1
github.com/tijanadmi/tis-api/cmd/api/middleware.go:27.17,31.4 3 1
github.com/tijanadmi/tis-api/cmd/api/middleware.go:36.73,37.71 1 1
github.com/tijanadmi/tis-api/cmd/api/middleware.go:37.71,39.17 2 1
github.com/tijanadmi/tis-api/cmd/api/middleware.go:43.3,43.23 1 1
github.com/tijanadmi/tis-api/cmd/api/middleware.go:39.17,42.4 2 1
github.com/tijanadmi/tis-api/cmd/api/routes.go:17.47,71.41 9 1
github.com/tijanadmi/tis-api/cmd/api/routes.go:86.2,86.43 1 1
github.com/tijanadmi/tis-api/cmd/api/routes.go:165.2,165.12 1 1
github.com/tijanadmi/tis-api/cmd/api/routes.go:71.41,84.3 11 1
github.com/tijanadmi/tis-api/cmd/api/routes.go:86.43,163.3 65 1
github.com/tijanadmi/tis-api/cmd/api/statusHandler.go:8.78,16.16 3 0
github.com/tijanadmi/tis-api/cmd/api/statusHandler.go:20.2,22.13 3 0
github.com/tijanadmi/tis-api/cmd/api/statusHandler.go:16.16,18.3 1 0
github.com/tijanadmi/tis-api/cmd/api/tis-handlers.go:14.78,18.16 3 0
github.com/tijanadmi/tis-api/cmd/api/tis-handlers.go:24.2,25.16 2 0
github.com/tijanadmi/tis-api/cmd/api/tis-handlers.go:29.2,30.16 2 0
github.com/tijanadmi/tis-api/cmd/api/tis-handlers.go:18.16,22.3 3 0
github.com/tijanadmi/tis-api/cmd/api/tis-handlers.go:25.16,28.3 2 0
github.com/tijanadmi/tis-api/cmd/api/tis-handlers.go:30.16,33.3 2 0
github.com/tijanadmi/tis-api/cmd/api/tis-handlers.go:36.75,38.16 2 0
github.com/tijanadmi/tis-api/cmd/api/tis-handlers.go:42.2,43.16 2 0
github.com/tijanadmi/tis-api/cmd/api/tis-handlers.go:38.16,41.3 2 0
github.com/tijanadmi/tis-api/cmd/api/tis-handlers.go:43.16,46.3 2 0
github.com/tijanadmi/tis-api/cmd/api/tis-handlers.go:49.75,51.16 2 0
github.com/tijanadmi/tis-api/cmd/api/tis-handlers.go:55.2,56.16 2 0
github.com/tijanadmi/tis-api/cmd/api/tis-handlers.go:51.16,54.3 2 0
github.com/tijanadmi/tis-api/cmd/api/tis-handlers.go:56.16,59.3 2 0
github.com/tijanadmi/tis-api/cmd/api/tis-handlers.go:62.77,64.16 2 0
github.com/tijanadmi/tis-api/cmd/api/tis-handlers.go:68.2,69.16 2 0
github.com/tijanadmi/tis-api/cmd/api/tis-handlers.go:64.16,67.3 2 0
github.com/tijanadmi/tis-api/cmd/api/tis-handlers.go:69.16,72.3 2 0
github.com/tijanadmi/tis-api/cmd/api/tis-handlers.go:75.78,77.16 2 0
github.com/tijanadmi/tis-api/cmd/api/tis-handlers.go:81.2,82.16 2 0
github.com/tijanadmi/tis-api/cmd/api/tis-handlers.go:77.16,80.3 2 0
github.com/tijanadmi/tis-api/cmd/api/tis-handlers.go:82.16,85.3 2 0
github.com/tijanadmi/tis-api/cmd/api/tis-handlers.go:88.82,90.16 2 0
github.com/tijanadmi/tis-api/cmd/api/tis-handlers.go:94.2,95.16 2 0
github.com/tijanadmi/tis-api/cmd/api/tis-handlers.go:90.16,93.3 2 0
github.com/tijanadmi/tis-api/cmd/api/tis-handlers.go:95.16,98.3 2 0
github.com/tijanadmi/tis-api/cmd/api/tis-handlers.go:101.85,105.16 3 0
github.com/tijanadmi/tis-api/cmd/api/tis-handlers.go:111.2,112.16 2 0
github.com/tijanadmi/tis-api/cmd/api/tis-handlers.go:116.2,117.16 2 0
github.com/tijanadmi/tis-api/cmd/api/tis-handlers.go:105.16,109.3 3 0
github.com/tijanadmi/tis-api/cmd/api/tis-handlers.go:112.16,115.3 2 0
github.com/tijanadmi/tis-api/cmd/api/tis-handlers.go:117.16,120.3 2 0
github.com/tijanadmi/tis-api/cmd/api/tis-handlers.go:123.72,125.16 2 0
github.com/tijanadmi/tis-api/cmd/api/tis-handlers.go:129.2,130.16 2 0
github.com/tijanadmi/tis-api/cmd/api/tis-handlers.go:125.16,128.3 2 0
github.com/tijanadmi/tis-api/cmd/api/tis-handlers.go:130.16,133.3 2 0
github.com/tijanadmi/tis-api/cmd/api/tis-handlers.go:136.75,140.16 3 0
github.com/tijanadmi/tis-api/cmd/api/tis-handlers.go:146.2,147.16 2 0
github.com/tijanadmi/tis-api/cmd/api/tis-handlers.go:151.2,152.16 2 0
github.com/tijanadmi/tis-api/cmd/api/tis-handlers.go:140.16,144.3 3 0
github.com/tijanadmi/tis-api/cmd/api/tis-handlers.go:147.16,150.3 2 0
github.com/tijanadmi/tis-api/cmd/api/tis-handlers.go:152.16,155.3 2 0
github.com/tijanadmi/tis-api/cmd/api/tis-handlers.go:158.73,160.16 2 0
github.com/tijanadmi/tis-api/cmd/api/tis-handlers.go:164.2,165.16 2 0
github.com/tijanadmi/tis-api/cmd/api/tis-handlers.go:160.16,163.3 2 0
github.com/tijanadmi/tis-api/cmd/api/tis-handlers.go:165.16,168.3 2 0
github.com/tijanadmi/tis-api/cmd/api/tis-handlers.go:171.75,173.16 2 0
github.com/tijanadmi/tis-api/cmd/api/tis-handlers.go:177.2,178.16 2 0
github.com/tijanadmi/tis-api/cmd/api/tis-handlers.go:173.16,176.3 2 0
github.com/tijanadmi/tis-api/cmd/api/tis-handlers.go:178.16,181.3 2 0
github.com/tijanadmi/tis-api/cmd/api/tis-handlers.go:184.74,186.16 2 0
github.com/tijanadmi/tis-api/cmd/api/tis-handlers.go:190.2,191.16 2 0
github.com/tijanadmi/tis-api/cmd/api/tis-handlers.go:186.16,189.3 2 0
github.com/tijanadmi/tis-api/cmd/api/tis-handlers.go:191.16,194.3 2 0
github.com/tijanadmi/tis-api/cmd/api/tis-handlers.go:197.73,199.16 2 0
github.com/tijanadmi/tis-api/cmd/api/tis-handlers.go:203.2,204.16 2 0
github.com/tijanadmi/tis-api/cmd/api/tis-handlers.go:199.16,202.3 2 0
github.com/tijanadmi/tis-api/cmd/api/tis-handlers.go:204.16,207.3 2 0
github.com/tijanadmi/tis-api/cmd/api/tis-handlers.go:210.83,212.16 2 0
github.com/tijanadmi/tis-api/cmd/api/tis-handlers.go:216.2,217.16 2 0
github.com/tijanadmi/tis-api/cmd/api/tis-handlers.go:212.16,215.3 2 0
github.com/tijanadmi/tis-api/cmd/api/tis-handlers.go:217.16,220.3 2 0
github.com/tijanadmi/tis-api/cmd/api/tis-handlers.go:223.83,225.16 2 0
github.com/tijanadmi/tis-api/cmd/api/tis-handlers.go:229.2,230.16 2 0
github.com/tijanadmi/tis-api/cmd/api/tis-handlers.go:225.16,228.3 2 0
github.com/tijanadmi/tis-api/cmd/api/tis-handlers.go:230.16,233.3 2 0
github.com/tijanadmi/tis-api/cmd/api/tis-handlers.go:236.83,238.16 2 0
github.com/tijanadmi/tis-api/cmd/api/tis-handlers.go:242.2,243.16 2 0
github.com/tijanadmi/tis-api/cmd/api/tis-handlers.go:238.16,241.3 2 0
github.com/tijanadmi/tis-api/cmd/api/tis-handlers.go:243.16,246.3 2 0
github.com/tijanadmi/tis-api/cmd/api/tis-handlers.go:249.84,251.16 2 0
github.com/tijanadmi/tis-api/cmd/api/tis-handlers.go:255.2,256.16 2 0
github.com/tijanadmi/tis-api/cmd/api/tis-handlers.go:251.16,254.3 2 0
github.com/tijanadmi/tis-api/cmd/api/tis-handlers.go:256.16,259.3 2 0
github.com/tijanadmi/tis-api/cmd/api/tis-handlers.go:262.79,264.16 2 0
github.com/tijanadmi/tis-api/cmd/api/tis-handlers.go:268.2,269.16 2 0
github.com/tijanadmi/tis-api/cmd/api/tis-handlers.go:264.16,267.3 2 0
github.com/tijanadmi/tis-api/cmd/api/tis-handlers.go:269.16,272.3 2 0
github.com/tijanadmi/tis-api/cmd/api/tis-handlers.go:275.83,277.16 2 0
github.com/tijanadmi/tis-api/cmd/api/tis-handlers.go:281.2,282.16 2 0
github.com/tijanadmi/tis-api/cmd/api/tis-handlers.go:277.16,280.3 2 0
github.com/tijanadmi/tis-api/cmd/api/tis-handlers.go:282.16,285.3 2 0
github.com/tijanadmi/tis-api/cmd/api/tis-handlers.go:288.78,290.16 2 0
github.com/tijanadmi/tis-api/cmd/api/tis-handlers.go:294.2,295.16 2 0
github.com/tijanadmi/tis-api/cmd/api/tis-handlers.go:290.16,293.3 2 0
github.com/tijanadmi/tis-api/cmd/api/tis-handlers.go:295.16,298.3 2 0
github.com/tijanadmi/tis-api/cmd/api/tis-handlers.go:301.82,303.16 2 0
github.com/tijanadmi/tis-api/cmd/api/tis-handlers.go:307.2,308.16 2 0
github.com/tijanadmi/tis-api/cmd/api/tis-handlers.go:303.16,306.3 2 0
github.com/tijanadmi/tis-api/cmd/api/tis-handlers.go:308.16,311.3 2 0
github.com/tijanadmi/tis-api/cmd/api/tis-handlers.go:314.78,316.16 2 0
github.com/tijanadmi/tis-api/cmd/api/tis-handlers.go:320.2,321.16 2 0
github.com/tijanadmi/tis-api/cmd/api/tis-handlers.go:316.16,319.3 2 0
github.com/tijanadmi/tis-api/cmd/api/tis-handlers.go:321.16,324.3 2 0
github.com/tijanadmi/tis-api/cmd/api/tis-handlers.go:327.75,329.16 2 0
github.com/tijanadmi/tis-api/cmd/api/tis-handlers.go:333.2,334.16 2 0
github.com/tijanadmi/tis-api/cmd/api/tis-handlers.go:329.16,332.3 2 0
github.com/tijanadmi/tis-api/cmd/api/tis-handlers.go:334.16,337.3 2 0
github.com/tijanadmi/tis-api/cmd/api/tis-handlers.go:340.83,342.16 2 0
github.com/tijanadmi/tis-api/cmd/api/tis-handlers.go:346.2,347.16 2 0
github.com/tijanadmi/tis-api/cmd/api/tis-handlers.go:342.16,345.3 2 0
github.com/tijanadmi/tis-api/cmd/api/tis-handlers.go:347.16,350.3 2 0
github.com/tijanadmi/tis-api/cmd/api/tis-handlers.go:353.85,357.16 3 0
github.com/tijanadmi/tis-api/cmd/api/tis-handlers.go:363.2,364.16 2 0
github.com/tijanadmi/tis-api/cmd/api/tis-handlers.go:368.2,369.16 2 0
github.com/tijanadmi/tis-api/cmd/api/tis-handlers.go:357.16,361.3 3 0
github.com/tijanadmi/tis-api/cmd/api/tis-handlers.go:364.16,367.3 2 0
github.com/tijanadmi/tis-api/cmd/api/tis-handlers.go:369.16,372.3 2 0
github.com/tijanadmi/tis-api/cmd/api/tis-handlers.go:375.75,377.16 2 0
github.com/tijanadmi/tis-api/cmd/api/tis-handlers.go:381.2,382.16 2 0
github.com/tijanadmi/tis-api/cmd/api/tis-handlers.go:377.16,380.3 2 0
github.com/tijanadmi/tis-api/cmd/api/tis-handlers.go:382.16,385.3 2 0
github.com/tijanadmi/tis-api/cmd/api/tis-handlers.go:388.77,392.16 3 0
github.com/tijanadmi/tis-api/cmd/api/tis-handlers.go:398.2,399.16 2 0
github.com/tijanadmi/tis-api/cmd/api/tis-handlers.go:403.2,404.16 2 0
github.com/tijanadmi/tis-api/cmd/api/tis-handlers.go:392.16,396.3 3 0
github.com/tijanadmi/tis-api/cmd/api/tis-handlers.go:399.16,402.3 2 0
github.com/tijanadmi/tis-api/cmd/api/tis-handlers.go:404.16,407.3 2 0
github.com/tijanadmi/tis-api/cmd/api/tis-handlers.go:410.83,412.16 2 0
github.com/tijanadmi/tis-api/cmd/api/tis-handlers.go:416.2,417.16 2 0
github.com/tijanadmi/tis-api/cmd/api/tis-handlers.go:412.16,415.3 2 0
github.com/tijanadmi/tis-api/cmd/api/tis-handlers.go:417.16,420.3 2 0
github.com/tijanadmi/tis-api/cmd/api/tis-handlers.go:423.85,427.16 3 0
github.com/tijanadmi/tis-api/cmd/api/tis-handlers.go:433.2,434.16 2 0
github.com/tijanadmi/tis-api/cmd/api/tis-handlers.go:438.2,439.16 2 0
github.com/tijanadmi/tis-api/cmd/api/tis-handlers.go:427.16,431.3 3 0
github.com/tijanadmi/tis-api/cmd/api/tis-handlers.go:434.16,437.3 2 0
github.com/tijanadmi/tis-api/cmd/api/tis-handlers.go:439.16,442.3 2 0
github.com/tijanadmi/tis-api/cmd/api/tis-handlers.go:445.76,447.16 2 0
github.com/tijanadmi/tis-api/cmd/api/tis-handlers.go:451.2,452.16 2 0
github.com/tijanadmi/tis-api/cmd/api/tis-handlers.go:447.16,450.3 2 0
github.com/tijanadmi/tis-api/cmd/api/tis-handlers.go:452.16,455.3 2 0
github.com/tijanadmi/tis-api/cmd/api/tis-handlers.go:458.78,462.16 3 0
github.com/tijanadmi/tis-api/cmd/api/tis-handlers.go:468.2,469.16 2 0
github.com/tijanadmi/tis-api/cmd/api/tis-handlers.go:473.2,474.16 2 0
github.com/tijanadmi/tis-api/cmd/api/tis-handlers.go:462.16,466.3 3 0
github.com/tijanadmi/tis-api/cmd/api/tis-handlers.go:469.16,472.3 2 0
github.com/tijanadmi/tis-api/cmd/api/tis-handlers.go:474.16,477.3 2 0
github.com/tijanadmi/tis-api/cmd/api/tis-handlers.go:480.86,482.16 2 0
github.com/tijanadmi/tis-api/cmd/api/tis-handlers.go:486.2,487.16 2 0
github.com/tijanadmi/tis-api/cmd/api/tis-handlers.go:482.16,485.3 2 0
github.com/tijanadmi/tis-api/cmd/api/tis-handlers.go:487.16,490.3 2 0
github.com/tijanadmi/tis-api/cmd/api/tis-handlers.go:493.88,497.16 3 0
github.com/tijanadmi/tis-api/cmd/api/tis-handlers.go:503.2,504.16 2 0
github.com/tijanadmi/tis-api/cmd/api/tis-handlers.go:508.2,509.16 2 0
github.com/tijanadmi/tis-api/cmd/api/tis-handlers.go:497.16,501.3 3 0
github.com/tijanadmi/tis-api/cmd/api/tis-handlers.go:504.16,507.3 2 0
github.com/tijanadmi/tis-api/cmd/api/tis-handlers.go:509.16,512.3 2 0
github.com/tijanadmi/tis-api/cmd/api/tis-handlers.go:515.87,517.16 2 0
github.com/tijanadmi/tis-api/cmd/api/tis-handlers.go:521.2,522.16 2 0
github.com/tijanadmi/tis-api/cmd/api/tis-handlers.go:517.16,520.3 2 0
github.com/tijanadmi/tis-api/cmd/api/tis-handlers.go:522.16,525.3 2 0
github.com/tijanadmi/tis-api/cmd/api/tis-handlers.go:528.88,532.16 3 0
github.com/tijanadmi/tis-api/cmd/api/tis-handlers.go:538.2,539.16 2 0
github.com/tijanadmi/tis-api/cmd/api/tis-handlers.go:543.2,544.16 2 0
github.com/tijanadmi/tis-api/cmd/api/tis-handlers.go:532.16,536.3 3 0
github.com/tijanadmi/tis-api/cmd/api/tis-handlers.go:539.16,542.3 2 0
github.com/tijanadmi/tis-api/cmd/api/tis-handlers.go:544.16,547.3 2 0
github.com/tijanadmi/tis-api/cmd/api/tis-handlers.go:550.72,552.16 2 0
github.com/tijanadmi/tis-api/cmd/api/tis-handlers.go:556.2,557.16 2 0
github.com/tijanadmi/tis-api/cmd/api/tis-handlers.go:552.16,555.3 2 0
github.com/tijanadmi/tis-api/cmd/api/tis-handlers.go:557.16,560.3 2 0
github.com/tijanadmi/tis-api/cmd/api/tis-handlers.go:563.80,565.16 2 0
github.com/tijanadmi/tis-api/cmd/api/tis-handlers.go:569.2,570.16 2 0
github.com/tijanadmi/tis-api/cmd/api/tis-handlers.go:565.16,568.3 2 0
github.com/tijanadmi/tis-api/cmd/api/tis-handlers.go:570.16,573.3 2 0
github.com/tijanadmi/tis-api/cmd/api/tis-handlers.go:576.80,578.16 2 0
github.com/tijanadmi/tis-api/cmd/api/tis-handlers.go:582.2,583.16 2 0
github.com/tijanadmi/tis-api/cmd/api/tis-handlers.go:578.16,581.3 2 0
github.com/tijanadmi/tis-api/cmd/api/tis-handlers.go:583.16,586.3 2 0
github.com/tijanadmi/tis-api/cmd/api/tis-handlers.go:589.76,591.16 2 0
github.com/tijanadmi/tis-api/cmd/api/tis-handlers.go:595.2,596.16 2 0
github.com/tijanadmi/tis-api/cmd/api/tis-handlers.go:591.16,594.3 2 0
github.com/tijanadmi/tis-api/cmd/api/tis-handlers.go:596.16,599.3 2 0
github.com/tijanadmi/tis-api/cmd/api/tis-handlers.go:602.86,604.16 2 0
github.com/tijanadmi/tis-api/cmd/api/tis-handlers.go:608.2,609.16 2 0
github.com/tijanadmi/tis-api/cmd/api/tis-handlers.go:604.16,607.3 2 0
github.com/tijanadmi/tis-api/cmd/api/tis-handlers.go:609.16,612.3 2 0
github.com/tijanadmi/tis-api/cmd/api/tis-handlers.go:615.86,617.16 2 0
github.com/tijanadmi/tis-api/cmd/api/tis-handlers.go:621.2,622.16 2 0
github.com/tijanadmi/tis-api/cmd/api/tis-handlers.go:617.16,620.3 2 0
github.com/tijanadmi/tis-api/cmd/api/tis-handlers.go:622.16,625.3 2 0
github.com/tijanadmi/tis-api/cmd/api/tis-handlers.go:628.82,630.16 2 0
github.com/tijanadmi/tis-api/cmd/api/tis-handlers.go:634.2,635.16 2 0
github.com/tijanadmi/tis-api/cmd/api/tis-handlers.go:630.16,633.3 2 0
github.com/tijanadmi/tis-api/cmd/api/tis-handlers.go:635.16,638.3 2 0
github.com/tijanadmi/tis-api/cmd/api/tis-handlers.go:641.84,643.16 2 0
github.com/tijanadmi/tis-api/cmd/api/tis-handlers.go:647.2,648.16 2 0
github.com/tijanadmi/tis-api/cmd/api/tis-handlers.go:643.16,646.3 2 0
github.com/tijanadmi/tis-api/cmd/api/tis-handlers.go:648.16,651.3 2 0
github.com/tijanadmi/tis-api/cmd/api/tis-handlers.go:654.87,656.16 2 0
github.com/tijanadmi/tis-api/cmd/api/tis-handlers.go:660.2,661.16 2 0
github.com/tijanadmi/tis-api/cmd/api/tis-handlers.go:656.16,659.3 2 0
github.com/tijanadmi/tis-api/cmd/api/tis-handlers.go:661.16,664.3 2 0
github.com/tijanadmi/tis-api/cmd/api/tis-handlers.go:667.79,669.16 2 0
github.com/tijanadmi/tis-api/cmd/api/tis-handlers.go:673.2,674.16 2 0
github.com/tijanadmi/tis-api/cmd/api/tis-handlers.go:669.16,672.3 2 0
github.com/tijanadmi/tis-api/cmd/api/tis-handlers.go:674.16,677.3 2 0
github.com/tijanadmi/tis-api/cmd/api/tis-handlers.go:680.79,682.16 2 0
github.com/tijanadmi/tis-api/cmd/api/tis-handlers.go:686.2,687.16 2 0
github.com/tijanadmi/tis-api/cmd/api/tis-handlers.go:682.16,685.3 2 0
github.com/tijanadmi/tis-api/cmd/api/tis-handlers.go:687.16,690.3 2 0
github.com/tijanadmi/tis-api/cmd/api/tis-handlers.go:693.84,695.16 2 0
github.com/tijanadmi/tis-api/cmd/api/tis-handlers.go:699.2,700.16 2 0
github.com/tijanadmi/tis-api/cmd/api/tis-handlers.go:695.16,698.3 2 0
github.com/tijanadmi/tis-api/cmd/api/tis-handlers.go:700.16,703.3 2 0
github.com/tijanadmi/tis-api/cmd/api/tis-handlers.go:706.76,709.16 3 0
github.com/tijanadmi/tis-api/cmd/api/tis-handlers.go:713.2,714.16 2 0
github.com/tijanadmi/tis-api/cmd/api/tis-handlers.go:709.16,712.3 2 0
github.com/tijanadmi/tis-api/cmd/api/tis-handlers.go:714.16,717.3 2 0
github.com/tijanadmi/tis-api/cmd/api/tis-handlers.go:720.84,723.16 2 0
github.com/tijanadmi/tis-api/cmd/api/tis-handlers.go:727.2,728.16 2 0
github.com/tijanadmi/tis-api/cmd/api/tis-handlers.go:723.16,726.3 2 0
github.com/tijanadmi/tis-api/cmd/api/tis-handlers.go:728.16,731.3 2 0
github.com/tijanadmi/tis-api/cmd/api/tis-handlers.go:734.83,738.16 3 0
github.com/tijanadmi/tis-api/cmd/api/tis-handlers.go:742.2,743.16 2 0
github.com/tijanadmi/tis-api/cmd/api/tis-handlers.go:738.16,741.3 2 0
github.com/tijanadmi/tis-api/cmd/api/tis-handlers.go:743.16,746.3 2 0
github.com/tijanadmi/tis-api/cmd/api/tis-handlers.go:749.81,753.16 3 0
github.com/tijanadmi/tis-api/cmd/api/tis-handlers.go:757.2,758.16 2 0
github.com/tijanadmi/tis-api/cmd/api/tis-handlers.go:753.16,756.3 2 0
github.com/tijanadmi/tis-api/cmd/api/tis-handlers.go:758.16,761.3 2 0
github.com/tijanadmi/tis-api/cmd/api/tis-handlers.go:764.82,768.16 3 0
github.com/tijanadmi/tis-api/cmd/api/tis-handlers.go:772.2,773.16 2 0
github.com/tijanadmi/tis-api/cmd/api/tis-handlers.go:768.16,771.3 2 0
github.com/tijanadmi/tis-api/cmd/api/tis-handlers.go:773.16,776.3 2 0
github.com/tijanadmi/tis-api/cmd/api/tis-handlers.go:779.78,783.16 3 0
github.com/tijanadmi/tis-api/cmd/api/tis-handlers.go:787.2,788.16 2 0
github.com/tijanadmi/tis-api/cmd/api/tis-handlers.go:783.16,786.3 2 0
github.com/tijanadmi/tis-api/cmd/api/tis-handlers.go:788.16,791.3 2 0
github.com/tijanadmi/tis-api/cmd/api/tis-handlers.go:794.79,798.16 3 0
github.com/tijanadmi/tis-api/cmd/api/tis-handlers.go:802.2,803.16 2 0
github.com/tijanadmi/tis-api/cmd/api/tis-handlers.go:798.16,801.3 2 0
github.com/tijanadmi/tis-api/cmd/api/tis-handlers.go:803.16,806.3 2 0
github.com/tijanadmi/tis-api/cmd/api/tis-handlers.go:809.76,813.16 3 0
github.com/tijanadmi/tis-api/cmd/api/tis-handlers.go:817.2,818.16 2 0
github.com/tijanadmi/tis-api/cmd/api/tis-handlers.go:813.16,816.3 2 0
github.com/tijanadmi/tis-api/cmd/api/tis-handlers.go:818.16,821.3 2 0
github.com/tijanadmi/tis-api/cmd/api/tis-handlers.go:824.79,828.16 3 0
github.com/tijanadmi/tis-api/cmd/api/tis-handlers.go:832.2,833.16 2 0
github.com/tijanadmi/tis-api/cmd/api/tis-handlers.go:828.16,831.3 2 0
github.com/tijanadmi/tis-api/cmd/api/tis-handlers.go:833.16,836.3 2 0
github.com/tijanadmi/tis-api/cmd/api/tis-handlers.go:839.74,843.16 3 0
github.com/tijanadmi/tis-api/cmd/api/tis-handlers.go:847.2,848.16 2 0
github.com/tijanadmi/tis-api/cmd/api/tis-handlers.go:843.16,846.3 2 0
github.com/tijanadmi/tis-api/cmd/api/tis-handlers.go:848.16,851.3 2 0
github.com/tijanadmi/tis-api/cmd/api/tis-handlers.go:854.89,859.16 4 0
github.com/tijanadmi/tis-api/cmd/api/tis-handlers.go:863.2,864.16 2 0
github.com/tijanadmi/tis-api/cmd/api/tis-handlers.go:859.16,862.3 2 0
github.com/tijanadmi/tis-api/cmd/api/tis-handlers.go:864.16,867.3 2 0
github.com/tijanadmi/tis-api/cmd/api/tis-handlers.go:872.79,876.16 2 1
github.com/tijanadmi/tis-api/cmd/api/tis-handlers.go:880.2,881.16 2 1
github.com/tijanadmi/tis-api/cmd/api/tis-handlers.go:876.16,879.3 2 0
github.com/tijanadmi/tis-api/cmd/api/tis-handlers.go:881.16,884.3 2 0
github.com/tijanadmi/tis-api/cmd/api/tis-handlers.go:887.80,898.16 3 1
github.com/tijanadmi/tis-api/cmd/api/tis-handlers.go:902.2,903.16 2 1
github.com/tijanadmi/tis-api/cmd/api/tis-handlers.go:898.16,901.3 2 1
github.com/tijanadmi/tis-api/cmd/api/tis-handlers.go:903.16,906.3 2 0
github.com/tijanadmi/tis-api/cmd/api/tis-handlers.go:909.84,913.16 3 1
github.com/tijanadmi/tis-api/cmd/api/tis-handlers.go:919.2,920.227 2 1
github.com/tijanadmi/tis-api/cmd/api/tis-handlers.go:935.2,936.16 2 1
github.com/tijanadmi/tis-api/cmd/api/tis-handlers.go:913.16,917.3 2 1
github.com/tijanadmi/tis-api/cmd/api/tis-handlers.go:920.227,923.3 2 1
github.com/tijanadmi/tis-api/cmd/api/tis-handlers.go:923.8,925.17 2 1
github.com/tijanadmi/tis-api/cmd/api/tis-handlers.go:929.3,932.4 1 1
github.com/tijanadmi/tis-api/cmd/api/tis-handlers.go:925.17,928.4 2 0
github.com/tijanadmi/tis-api/cmd/api/tis-handlers.go:936.16,939.3 2 0
github.com/tijanadmi/tis-api/cmd/api/tis-handlers.go:942.84,946.16 3 1
github.com/tijanadmi/tis-api/cmd/api/tis-handlers.go:950.2,951.227 2 1
github.com/tijanadmi/tis-api/cmd/api/tis-handlers.go:966.2,967.16 2 1
github.com/tijanadmi/tis-api/cmd/api/tis-handlers.go:946.16,949.3 2 1
github.com/tijanadmi/tis-api/cmd/api/tis-handlers.go:951.227,954.3 2 0
github.com/tijanadmi/tis-api/cmd/api/tis-handlers.go:954.8,956.17 2 1
github.com/tijanadmi/tis-api/cmd/api/tis-handlers.go:961.3,964.4 1 1
github.com/tijanadmi/tis-api/cmd/api/tis-handlers.go:956.17,959.4 2 1
github.com/tijanadmi/tis-api/cmd/api/tis-handlers.go:967.16,970.3 2 0
github.com/tijanadmi/tis-api/cmd/api/tis-handlers.go:973.84,977.16 3 0
github.com/tijanadmi/tis-api/cmd/api/tis-handlers.go:984.2,985.255 2 0
github.com/tijanadmi/tis-api/cmd/api/tis-handlers.go:1000.2,1001.16 2 0
github.com/tijanadmi/tis-api/cmd/api/tis-handlers.go:977.16,981.3 2 0
github.com/tijanadmi/tis-api/cmd/api/tis-handlers.go:985.255,988.3 2 0
github.com/tijanadmi/tis-api/cmd/api/tis-handlers.go:988.8,990.17 2 0
github.com/tijanadmi/tis-api/cmd/api/tis-handlers.go:994.3,997.4 1 0
github.com/tijanadmi/tis-api/cmd/api/tis-handlers.go:990.17,993.4 2 0
github.com/tijanadmi/tis-api/cmd/api/tis-handlers.go:1001.16,1004.3 2 0
github.com/tijanadmi/tis-api/cmd/api/tis-handlers.go:1007.84,1011.16 3 0
github.com/tijanadmi/tis-api/cmd/api/tis-handlers.go:1015.2,1016.255 2 0
github.com/tijanadmi/tis-api/cmd/api/tis-handlers.go:1031.2,1032.16 2 0
github.com/tijanadmi/tis-api/cmd/api/tis-handlers.go:1011.16,1014.3 2 0
github.com/tijanadmi/tis-api/cmd/api/tis-handlers.go:1016.255,1019.3 2 0
github.com/tijanadmi/tis-api/cmd/api/tis-handlers.go:1019.8,1021.17 2 0
github.com/tijanadmi/tis-api/cmd/api/tis-handlers.go:1026.3,1029.4 1 0
github.com/tijanadmi/tis-api/cmd/api/tis-handlers.go:1021.17,1024.4 2 0
github.com/tijanadmi/tis-api/cmd/api/tis-handlers.go:1032.16,1035.3 2 0
github.com/tijanadmi/tis-api/cmd/api/tis-handlers.go:1038.79,1047.16 3 1
github.com/tijanadmi/tis-api/cmd/api/tis-handlers.go:1052.2,1057.45 2 1
github.com/tijanadmi/tis-api/cmd/api/tis-handlers.go:1047.16,1050.3 2 0
github.com/tijanadmi/tis-api/cmd/api/tis-handlers.go:1064.91,1068.16 2 0
github.com/tijanadmi/tis-api/cmd/api/tis-handlers.go:1072.2,1073.16 2 0
github.com/tijanadmi/tis-api/cmd/api/tis-handlers.go:1068.16,1071.3 2 0
github.com/tijanadmi/tis-api/cmd/api/tis-handlers.go:1073.16,1076.3 2 0
github.com/tijanadmi/tis-api/cmd/api/tis-handlers.go:1079.89,1090.16 3 0
github.com/tijanadmi/tis-api/cmd/api/tis-handlers.go:1094.2,1095.16 2 0
github.com/tijanadmi/tis-api/cmd/api/tis-handlers.go:1090.16,1093.3 2 0
github.com/tijanadmi/tis-api/cmd/api/tis-handlers.go:1095.16,1098.3 2 0
github.com/tijanadmi/tis-api/cmd/api/tis-handlers.go:1101.88,1105.16 3 0
github.com/tijanadmi/tis-api/cmd/api/tis-handlers.go:1109.2,1110.135 2 0
github.com/tijanadmi/tis-api/cmd/api/tis-handlers.go:1125.2,1126.16 2 0
github.com/tijanadmi/tis-api/cmd/api/tis-handlers.go:1105.16,1108.3 2 0
github.com/tijanadmi/tis-api/cmd/api/tis-handlers.go:1110.135,1113.3 2 0
github.com/tijanadmi/tis-api/cmd/api/tis-handlers.go:1113.8,1115.17 2 0
github.com/tijanadmi/tis-api/cmd/api/tis-handlers.go:1120.3,1123.4 1 0
github.com/tijanadmi/tis-api/cmd/api/tis-handlers.go:1115.17,1118.4 2 0
github.com/tijanadmi/tis-api/cmd/api/tis-handlers.go:1126.16,1129.3 2 0
github.com/tijanadmi/tis-api/cmd/api/tis-handlers.go:1135.97,1139.16 3 0
github.com/tijanadmi/tis-api/cmd/api/tis-handlers.go:1145.2,1146.143 2 0
github.com/tijanadmi/tis-api/cmd/api/tis-handlers.go:1161.2,1162.16 2 0
github.com/tijanadmi/tis-api/cmd/api/tis-handlers.go:1139.16,1143.3 2 0
github.com/tijanadmi/tis-api/cmd/api/tis-handlers.go:1146.143,1149.3 2 0
github.com/tijanadmi/tis-api/cmd/api/tis-handlers.go:1149.8,1151.17 2 0
github.com/tijanadmi/tis-api/cmd/api/tis-handlers.go:1155.3,1158.4 1 0
github.com/tijanadmi/tis-api/cmd/api/tis-handlers.go:1151.17,1154.4 2 0
github.com/tijanadmi/tis-api/cmd/api/tis-handlers.go:1162.16,1165.3 2 0
github.com/tijanadmi/tis-api/cmd/api/tis-handlers.go:1168.97,1172.16 3 0
github.com/tijanadmi/tis-api/cmd/api/tis-handlers.go:1176.2,1177.143 2 0
github.com/tijanadmi/tis-api/cmd/api/tis-handlers.go:1192.2,1193.16 2 0
github.com/tijanadmi/tis-api/cmd/api/tis-handlers.go:1172.16,1175.3 2 0
github.com/tijanadmi/tis-api/cmd/api/tis-handlers.go:1177.143,1180.3 2 0
github.com/tijanadmi/tis-api/cmd/api/tis-handlers.go:1180.8,1182.17 2 0
github.com/tijanadmi/tis-api/cmd/api/tis-handlers.go:1187.3,1190.4 1 0
github.com/tijanadmi/tis-api/cmd/api/tis-handlers.go:1182.17,1185.4 2 0
github.com/tijanadmi/tis-api/cmd/api/tis-handlers.go:1193.16,1196.3 2 0
github.com/tijanadmi/tis-api/cmd/api/tis-handlers.go:1199.97,1208.16 3 0
github.com/tijanadmi/tis-api/cmd/api/tis-handlers.go:1213.2,1218.45 2 0
github.com/tijanadmi/tis-api/cmd/api/tis-handlers.go:1208.16,1211.3 2 0
github.com/tijanadmi/tis-api/cmd/api/tis-handlers.go:1221.97,1225.16 2 0
github.com/tijanadmi/tis-api/cmd/api/tis-handlers.go:1229.2,1230.16 2 0
github.com/tijanadmi/tis-api/cmd/api/tis-handlers.go:1225.16,1228.3 2 0
github.com/tijanadmi/tis-api/cmd/api/tis-handlers.go:1230.16,1233.3 2 0
github.com/tijanadmi/tis-api/cmd/api/tis-handlers.go:1236.98,1240.16 3 0
github.com/tijanadmi/tis-api/cmd/api/tis-handlers.go:1244.2,1245.16 2 0
github.com/tijanadmi/tis-api/cmd/api/tis-handlers.go:1240.16,1243.3 2 0
github.com/tijanadmi/tis-api/cmd/api/tis-handlers.go:1245.16,1248.3 2 0
github.com/tijanadmi/tis-api/cmd/api/tis-handlers.go:1252.88,1256.16 2 0
github.com/tijanadmi/tis-api/cmd/api/tis-handlers.go:1260.2,1261.16 2 0
github.com/tijanadmi/tis-api/cmd/api/tis-handlers.go:1256.16,1259.3 2 0
github.com/tijanadmi/tis-api/cmd/api/tis-handlers.go:1261.16,1264.3 2 0
github.com/tijanadmi/tis-api/cmd/api/tis-handlers.go:1272.78,1280.16 3 1
github.com/tijanadmi/tis-api/cmd/api/tis-handlers.go:1286.2,1287.16 2 1
github.com/tijanadmi/tis-api/cmd/api/tis-handlers.go:1293.2,1294.26 2 1
github.com/tijanadmi/tis-api/cmd/api/tis-handlers.go:1299.2,1300.34 2 1
github.com/tijanadmi/tis-api/cmd/api/tis-handlers.go:1305.2,1314.16 3 1
github.com/tijanadmi/tis-api/cmd/api/tis-handlers.go:1321.2,1324.47 3 1
github.com/tijanadmi/tis-api/cmd/api/tis-handlers.go:1280.16,1283.3 2 1
github.com/tijanadmi/tis-api/cmd/api/tis-handlers.go:1287.16,1290.3 2 1
github.com/tijanadmi/tis-api/cmd/api/tis-handlers.go:1294.26,1297.3 2 1
github.com/tijanadmi/tis-api/cmd/api/tis-handlers.go:1300.34,1302.3 1 1
github.com/tijanadmi/tis-api/cmd/api/tis-handlers.go:1314.16,1317.3 2 0
github.com/tijanadmi/tis-api/cmd/api/tis-handlers.go:1327.78,1328.37 1 1
github.com/tijanadmi/tis-api/cmd/api/tis-handlers.go:1328.37,1329.41 1 0
github.com/tijanadmi/tis-api/cmd/api/tis-handlers.go:1329.41,1334.100 3 0
github.com/tijanadmi/tis-api/cmd/api/tis-handlers.go:1337.4,1337.18 1 0
github.com/tijanadmi/tis-api/cmd/api/tis-handlers.go:1348.4,1349.18 2 0
github.com/tijanadmi/tis-api/cmd/api/tis-handlers.go:1354.4,1355.18 2 0
github.com/tijanadmi/tis-api/cmd/api/tis-handlers.go:1360.4,1367.18 3 0
github.com/tijanadmi/tis-api/cmd/api/tis-handlers.go:1372.4,1374.47 2 0
github.com/tijanadmi/tis-api/cmd/api/tis-handlers.go:1334.100,1336.5 1 0
github.com/tijanadmi/tis-api/cmd/api/tis-handlers.go:1337.18,1340.5 2 0
github.com/tijanadmi/tis-api/cmd/api/tis-handlers.go:1349.18,1352.5 2 0
github.com/tijanadmi/tis-api/cmd/api/tis-handlers.go:1355.18,1358.5 2 0
github.com/tijanadmi/tis-api/cmd/api/tis-handlers.go:1367.18,1370.5 2 0
github.com/tijanadmi/tis-api/cmd/api/tis-handlers.go:1380.72,1383.2 2 0
github.com/tijanadmi/tis-api/cmd/api/tokens.go:18.72,23.16 4 0
github.com/tijanadmi/tis-api/cmd/api/tokens.go:31.2,32.16 2 0
github.com/tijanadmi/tis-api/cmd/api/tokens.go:37.2,46.16 9 0
github.com/tijanadmi/tis-api/cmd/api/tokens.go:51.2,51.67 1 0
github.com/tijanadmi/tis-api/cmd/api/tokens.go:23.16,26.3 2 0
github.com/tijanadmi/tis-api/cmd/api/tokens.go:32.16,35.3 2 0
github.com/tijanadmi/tis-api/cmd/api/tokens.go:46.16,49.3 2 0
github.com/tijanadmi/tis-api/cmd/api/auth.go:41.69,60.16 12 1
github.com/tijanadmi/tis-api/cmd/api/auth.go:65.2,75.16 7 1
github.com/tijanadmi/tis-api/cmd/api/auth.go:80.2,86.24 2 1
github.com/tijanadmi/tis-api/cmd/api/auth.go:60.16,62.3 1 0
github.com/tijanadmi/tis-api/cmd/api/auth.go:75.16,77.3 1 0
github.com/tijanadmi/tis-api/cmd/api/auth.go:89.67,101.2 1 1
github.com/tijanadmi/tis-api/cmd/api/auth.go:103.55,115.2 1 0
github.com/tijanadmi/tis-api/cmd/api/auth.go:117.122,122.22 3 1
github.com/tijanadmi/tis-api/cmd/api/auth.go:127.2,128.27 2 1
github.com/tijanadmi/tis-api/cmd/api/auth.go:133.2,133.32 1 1
github.com/tijanadmi/tis-api/cmd/api/auth.go:137.2,143.91 3 1
github.com/tijanadmi/tis-api/cmd/api/auth.go:150.2,150.16 1 1
github.com/tijanadmi/tis-api/cmd/api/auth.go:157.2,157.31 1 1
github.com/tijanadmi/tis-api/cmd/api/auth.go:160.2,161.41 2 1
github.com/tijanadmi/tis-api/cmd/api/auth.go:167.2,167.14 1 1
github.com/tijanadmi/tis-api/cmd/api/auth.go:171.2,171.27 1 1
github.com/tijanadmi/tis-api/cmd/api/auth.go:122.22,124.3 1 1
github.com/tijanadmi/tis-api/cmd/api/auth.go:128.27,130.3 1 1
github.com/tijanadmi/tis-api/cmd/api/auth.go:133.32,135.3 1 1
github.com/tijanadmi/tis-api/cmd/api/auth.go:143.91,144.58 1 1
github.com/tijanadmi/tis-api/cmd/api/auth.go:147.3,147.31 1 1
github.com/tijanadmi/tis-api/cmd/api/auth.go:144.58,146.4 1 0
github.com/tijanadmi/tis-api/cmd/api/auth.go:150.16,151.60 1 1
github.com/tijanadmi/tis-api/cmd/api/auth.go:154.3,154.22 1 1
github.com/tijanadmi/tis-api/cmd/api/auth.go:151.60,153.4 1 0
github.com/tijanadmi/tis-api/cmd/api/auth.go:157.31,159.3 1 1
github.com/tijanadmi/tis-api/cmd/api/auth.go:161.41,163.30 1 1
github.com/tijanadmi/tis-api/cmd/api/auth.go:163.30,165.4 1 1
github.com/tijanadmi/tis-api/cmd/api/auth.go:167.14,169.3 1 1
github.com/tijanadmi/tis-api/cmd/api/helpers.go:18.118,20.16 2 1
github.com/tijanadmi/tis-api/cmd/api/helpers.go:24.2,24.22 1 1
github.com/tijanadmi/tis-api/cmd/api/helpers.go:30.2,33.16 4 1
github.com/tijanadmi/tis-api/cmd/api/helpers.go:36.2,36.12 1 1
github.com/tijanadmi/tis-api/cmd/api/helpers.go:20.16,22.3 1 0
github.com/tijanadmi/tis-api/cmd/api/helpers.go:24.22,25.38 1 0
github.com/tijanadmi/tis-api/cmd/api/helpers.go:25.38,27.4 1 0
github.com/tijanadmi/tis-api/cmd/api/helpers.go:33.16,35.3 1 0
github.com/tijanadmi/tis-api/cmd/api/helpers.go:40.90,43.21 2 1
github.com/tijanadmi/tis-api/cmd/api/helpers.go:47.2,51.46 4 1
github.com/tijanadmi/tis-api/cmd/api/helpers.go:43.21,45.3 1 1
github.com/tijanadmi/tis-api/cmd/api/helpers.go:54.98,63.16 6 1
github.com/tijanadmi/tis-api/cmd/api/helpers.go:67.2,68.19 2 1
github.com/tijanadmi/tis-api/cmd/api/helpers.go:72.2,72.12 1 1
github.com/tijanadmi/tis-api/cmd/api/helpers.go:63.16,65.3 1 1
github.com/tijanadmi/tis-api/cmd/api/helpers.go:68.19,70.3 1 0
